# JRE version: OpenJDK Runtime Environment (11.0.28+6) (build 11.0.28+6-post-Ubuntu-1ubuntu124.04.1)
# Java VM: OpenJDK 64-Bit Server VM (11.0.28+6-post-Ubuntu-1ubuntu124.04.1, mixed mode, sharing, tiered, compressed oops, g1 gc, linux-amd64)
Heap:
 garbage-first heap   total 266240K, used 81521K [0x00000000c0000000, 0x0000000100000000)
  region size 1024K, 4 young (4096K), 0 survivors (0K)
 Metaspace       used 10885K, capacity 12470K, committed 12800K, reserved 1060864K
  class space    used 1665K, capacity 1958K, committed 2048K, reserved 1048576K
GC Heap History (20 events):
Event: 69.995 GC heap before
{Heap before GC invocations=28 (full 4):
 garbage-first heap   total 133120K, used 65850K [0x00000000c0000000, 0x0000000100000000)
  region size 1024K, 15 young (15360K), 7 survivors (7168K)
 Metaspace       used 10181K, capacity 11831K, committed 11904K, reserved 1058816K
  class space    used 1596K, capacity 1914K, committed 1920K, reserved 1048576K
}
Event: 70.025 GC heap after
{Heap after GC invocations=29 (full 5):
 garbage-first heap   total 133120K, used 45707K [0x00000000c0000000, 0x0000000100000000)
  region size 1024K, 0 young (0K), 0 survivors (0K)
 Metaspace       used 10181K, capacity 11831K, committed 11904K, reserved 1058816K
  class space    used 1596K, capacity 1914K, committed 1920K, reserved 1048576K
}
Event: 70.101 GC heap before
{Heap before GC invocations=29 (full 5):
 garbage-first heap   total 133120K, used 91787K [0x00000000c0000000, 0x0000000100000000)
  region size 1024K, 45 young (46080K), 0 survivors (0K)
 Metaspace       used 10273K, capacity 11939K, committed 12288K, reserved 1058816K
  class space    used 1607K, capacity 1929K, committed 2048K, reserved 1048576K
}
Event: 70.106 GC heap after
{Heap after GC invocations=30 (full 5):
 garbage-first heap   total 133120K, used 52094K [0x00000000c0000000, 0x0000000100000000)
  region size 1024K, 6 young (6144K), 6 survivors (6144K)
 Metaspace       used 10273K, capacity 11939K, committed 12288K, reserved 1058816K
  class space    used 1607K, capacity 1929K, committed 2048K, reserved 1048576K
}
Event: 70.147 GC heap before
{Heap before GC invocations=30 (full 5):
 garbage-first heap   total 133120K, used 95102K [0x00000000c0000000, 0x0000000100000000)
  region size 1024K, 48 young (49152K), 6 survivors (6144K)
 Metaspace       used 10273K, capacity 11939K, committed 12288K, reserved 1058816K
  class space    used 1607K, capacity 1929K, committed 2048K, reserved 1048576K
}
Event: 70.157 GC heap after
{Heap after GC invocations=31 (full 5):
 garbage-first heap   total 266240K, used 57415K [0x00000000c0000000, 0x0000000100000000)
  region size 1024K, 6 young (6144K), 6 survivors (6144K)
 Metaspace       used 10273K, capacity 11939K, committed 12288K, reserved 1058816K
  class space    used 1607K, capacity 1929K, committed 2048K, reserved 1048576K
}
Event: 70.321 GC heap before
{Heap before GC invocations=31 (full 5):
 garbage-first heap   total 266240K, used 170055K [0x00000000c0000000, 0x0000000100000000)
  region size 1024K, 116 young (118784K), 6 survivors (6144K)
 Metaspace       used 10360K, capacity 12043K, committed 12288K, reserved 1058816K
  class space    used 1640K, capacity 1964K, committed 2048K, reserved 1048576K
}
Event: 70.332 GC heap after
{Heap after GC invocations=32 (full 5):
 garbage-first heap   total 266240K, used 69396K [0x00000000c0000000, 0x0000000100000000)
  region size 1024K, 15 young (15360K), 15 survivors (15360K)
 Metaspace       used 10360K, capacity 12043K, committed 12288K, reserved 1058816K
  class space    used 1640K, capacity 1964K, committed 2048K, reserved 1048576K
}
Event: 70.398 GC heap before
{Heap before GC invocations=32 (full 5):
 garbage-first heap   total 266240K, used 181012K [0x00000000c0000000, 0x0000000100000000)
  region size 1024K, 124 young (126976K), 15 survivors (15360K)
 Metaspace       used 10361K, capacity 12043K, committed 12288K, reserved 1058816K
  class space    used 1640K, capacity 1964K, committed 2048K, reserved 1048576K
}
Event: 70.413 GC heap after
{Heap after GC invocations=33 (full 5):
 garbage-first heap   total 266240K, used 82602K [0x00000000c0000000, 0x0000000100000000)
  region size 1024K, 13 young (13312K), 13 survivors (13312K)
 Metaspace       used 10361K, capacity 12043K, committed 12288K, reserved 1058816K
  class space    used 1640K, capacity 1964K, committed 2048K, reserved 1048576K
}
Event: 2743.727 GC heap before
{Heap before GC invocations=33 (full 5):
 garbage-first heap   total 266240K, used 173738K [0x00000000c0000000, 0x0000000100000000)
  region size 1024K, 103 young (105472K), 13 survivors (13312K)
 Metaspace       used 10962K, capacity 12623K, committed 12800K, reserved 1060864K
  class space    used 1695K, capacity 2016K, committed 2048K, reserved 1048576K
}
Event: 2743.790 GC heap after
{Heap after GC invocations=34 (full 6):
 garbage-first heap   total 266240K, used 79353K [0x00000000c0000000, 0x0000000100000000)
  region size 1024K, 0 young (0K), 0 survivors (0K)
 Metaspace       used 10962K, capacity 12623K, committed 12800K, reserved 1060864K
  class space    used 1695K, capacity 2016K, committed 2048K, reserved 1048576K
}
Event: 2744.918 GC heap before
{Heap before GC invocations=34 (full 6):
 garbage-first heap   total 266240K, used 79353K [0x00000000c0000000, 0x0000000100000000)
  region size 1024K, 1 young (1024K), 0 survivors (0K)
 Metaspace       used 10963K, capacity 12623K, committed 12800K, reserved 1060864K
  class space    used 1695K, capacity 2016K, committed 2048K, reserved 1048576K
}
Event: 2744.962 GC heap after
{Heap after GC invocations=35 (full 7):
 garbage-first heap   total 266240K, used 78448K [0x00000000c0000000, 0x0000000100000000)
  region size 1024K, 0 young (0K), 0 survivors (0K)
 Metaspace       used 10855K, capacity 12457K, committed 12800K, reserved 1060864K
  class space    used 1665K, capacity 1958K, committed 2048K, reserved 1048576K
}
Event: 2745.447 GC heap before
{Heap before GC invocations=35 (full 7):
 garbage-first heap   total 266240K, used 78448K [0x00000000c0000000, 0x0000000100000000)
  region size 1024K, 1 young (1024K), 0 survivors (0K)
 Metaspace       used 10855K, capacity 12457K, committed 12800K, reserved 1060864K
  class space    used 1665K, capacity 1958K, committed 2048K, reserved 1048576K
}
Event: 2745.483 GC heap after
{Heap after GC invocations=36 (full 8):
 garbage-first heap   total 266240K, used 78448K [0x00000000c0000000, 0x0000000100000000)
  region size 1024K, 0 young (0K), 0 survivors (0K)
 Metaspace       used 10855K, capacity 12457K, committed 12800K, reserved 1060864K
  class space    used 1665K, capacity 1958K, committed 2048K, reserved 1048576K
}
Event: 10495.750 GC heap before
{Heap before GC invocations=36 (full 8):
 garbage-first heap   total 266240K, used 81520K [0x00000000c0000000, 0x0000000100000000)
  region size 1024K, 4 young (4096K), 0 survivors (0K)
 Metaspace       used 10865K, capacity 12468K, committed 12800K, reserved 1060864K
  class space    used 1665K, capacity 1958K, committed 2048K, reserved 1048576K
}
Event: 10495.784 GC heap after
{Heap after GC invocations=37 (full 9):
 garbage-first heap   total 266240K, used 78449K [0x00000000c0000000, 0x0000000100000000)
  region size 1024K, 0 young (0K), 0 survivors (0K)
 Metaspace       used 10865K, capacity 12468K, committed 12800K, reserved 1060864K
  class space    used 1665K, capacity 1958K, committed 2048K, reserved 1048576K
}
Event: 10496.491 GC heap before
{Heap before GC invocations=37 (full 9):
 garbage-first heap   total 266240K, used 78449K [0x00000000c0000000, 0x0000000100000000)
  region size 1024K, 1 young (1024K), 0 survivors (0K)
 Metaspace       used 10865K, capacity 12468K, committed 12800K, reserved 1060864K
  class space    used 1665K, capacity 1958K, committed 2048K, reserved 1048576K
}
Event: 10496.525 GC heap after
{Heap after GC invocations=38 (full 10):
 garbage-first heap   total 266240K, used 78449K [0x00000000c0000000, 0x0000000100000000)
  region size 1024K, 0 young (0K), 0 survivors (0K)
 Metaspace       used 10865K, capacity 12468K, committed 12800K, reserved 1060864K
  class space    used 1665K, capacity 1958K, committed 2048K, reserved 1048576K
}

